0d 04 33 1b 02 f3 03 40 0e 50 47
0d 04 33 1b 02 fe 03 40 0e 24 3b
0d 04 33 1b 02 09 04 40 0e 7f c3
0d 04 33 1b 02 1b 04 40 0e b7 61
0d 04 33 1b 02 26 04 40 0e 12 c9
0d 04 33 1b 02 31 04 40 0e 8e 4d
0d 04 33 1b 02 3c 04 40 0e fa 31
0d 04 33 1b 02 4e 04 40 0e 81 32
0d 04 33 1b 02 59 04 40 0e 1d b6
0d 04 33 1b 02 64 04 40 0e b8 1e
0d 04 33 1b 02 76 04 40 0e 70 bc
0d 04 33 1b 02 81 04 40 0e 0a 13
0d 04 33 1b 02 8c 04 40 0e 7e 6f
0d 04 33 1b 02 97 04 40 0e d2 9c
0d 04 33 1b 02 a9 04 40 0e bb 29
0d 04 33 1b 02 b4 04 40 0e 8f e1
0d 04 33 1b 02 bf 04 40 0e 63 a6
0d 04 33 1b 02 ca 04 40 0e c4 95
0d 04 33 1b 02 d5 04 40 0e 78 4b
0d 04 33 1b 02 dc 04 40 0e 1c 1a
0d 04 33 1b 02 e6 04 40 0e 65 82
0d 04 33 1b 02 f1 04 40 0e f9 06
0d 04 33 1b 02 07 05 40 0e 7c be
0d 04 33 1b 02 0f 05 40 0e 5c e4
0d 04 33 1b 02 19 05 40 0e 84 6b
0d 04 33 1b 02 24 05 40 0e 21 c3
0d 04 33 1b 02 2f 05 40 0e cd 84
0d 04 33 1b 02 3a 05 40 0e d9 16
0d 04 33 1b 02 41 05 40 0e c6 44
0d 04 33 1b 02 4c 05 40 0e b2 38
0d 04 33 1b 02 57 05 40 0e 1e cb
0d 04 33 1b 02 62 05 40 0e 9b 39
0d 04 33 1b 02 6d 05 40 0e 67 53
0d 04 33 1b 02 74 05 40 0e 43 b6
0d 04 33 1b 02 7f 05 40 0e af f1
0d 04 33 1b 02 8a 05 40 0e 5d 48
0d 04 33 1b 02 95 05 40 0e e1 96
0d 04 33 1b 02 a0 05 40 0e 64 64
0d 04 33 1b 02 a7 05 40 0e b8 54
