0e 04 66 1b 02 ea 03 07 12 de 06
0e 04 66 1b 02 ef 03 07 12 59 12
0e 04 66 1b 02 fa 03 07 12 6e 44
0e 04 66 1b 02 04 07 12 1f 9d
0e 04 66 1b 02 05 04 07 12 98 89
0e 04 66 1b 02 0b 04 07 12 3a b0
0e 04 66 1b 02 04 07 12 84 db
0e 04 66 1b 02 16 04 07 12
0e 04 66 1b 02 1d 04 07 12 70 ea
0e 04 66 1b 02 22 04 07 12 29 10
0e 04 66 1b 02 2d 04 07 12 a0 2d
0e 04 66 1b 02 33 04 07 12 b2 56
0e 04 66 1b 02 38 04 07 12 97 7b
0e 04 66 1b 02 3e 04 07 12 6d 63
0e 04 66 1b 02 44 04 07 12 62 8f
0e 04 66 1b 02 49 04 07 12 bd ba
0e 04 66 1b 02 54 04 07 12 d2 cd
0e 04 66 1b 02 5b 04 07 12 5b f0
0e 04 66 1b 02 60 04 07 12 ae 1a
0e 04 66 1b 02 66 04 07 12 54 02
0e 04 66 1b 02 6b 04 07 12 8b 37
0e 04 66 1b 02 71 04 07 12 35 5c
0e 04 66 1b 02 77 04 07 12 cf 44
0e 04 66 1b 02 7c 04 07 12 ea 69
0e 04 66 1b 02 87 04 07 12 6c 84
0e 04 66 1b 02 8d 04 07 12 62 ad
0e 04 66 1b 02 92 04 07 12 5b d2
0e 04 66 1b 02 9e 04 07 12 af e3
0e 04 66 1b 02 a4 04 07 12 71 0d
0e 04 66 1b 02 af 04 07 12 54 20
0e 04 66 1b 02 ba 04 07 12 63 76
0e 04 66 1b 02 c0 04 07 12 6c 9a
0e 04 66 1b 02 c5 04 07 12 eb 8e
0e 04 66 1b 02 cb 04 07 12 49 b7
0e 04 66 1b 02 d6 04 07 12 26 c0
0e 04 66 1b 02 dd 04 07 12 03 ed
0e 04 66 1b 02 e2 04 07 12 5a 17
0e 04 66 1b 02 ed 04 07 12 d3 2a
0e 04 66 1b 02 f3 04 07 12 c1 51
0e 04 66 1b 02 fe 04 07 12 1e 64
0e 04 66 1b 02 03 05 07 12 26 9a
0e 04 66 1b 02 09 05 07 12 28 b3
0e 04 66 1b 02 14 05 07 12 47 c4
0e 04 66 1b 02 1b 05 07 12 ce f9
0e 04 66 1b 02 20 05 07 12 3b 13
0e 04 66 1b 02 26 05 07 12 c1 0b
0e 04 66 1b 02 31 05 07 12 a0
0e 04 66 1b 02 36 05 07 12 71 49
0e 04 66 1b 02 3c 05 07 12 7f 60
0e 04 66 1b 02 47 05 07 12 5b 88
0e 04 66 1b 02 4d 05 07 12
0e 04 66 1b 02 52 05 07 12 6c de
0e 04 66 1b 02 5e 05 07 12 98 ef
0e 04 66 1b 02 64 05 07 12 46 01
0e 04 66 1b 02 69 05 07 12 99 34
0e 04 66 1b 02 6f 05 07 12 63 2c
0e 04 66 1b 02 75 05 07 12 dd 47
0e 04 66 1b 02 80 05 07 12 f9 93
0e 04 66 1b 02 85 05 07 12 7e 87
0e 04 66 1b 02 8b 05 07 12 dc be
0e 04 66 1b 02 90 05 07 12 49 d1
0e 04 66 1b 02 96 05 07 12 b3 c9
0e 04 66 1b 02 a2 05 07 12 cf 1e
0e 04 66 1b 02 b3 05 07 12 54 58
