12 04 c7 0e 02 2c 12 06 1e 89 0e 45
12 04 c7 0e 02 37 12 06 1e 76 0e 45 1d e5
12 04 c7 0e 02 42 12 06 1e 88 0e 45 24 a8
12 04 c7 0e 02 4d 12 06 1e 8c 0e 45 e8 28
12 04 c7 0e 02 58 12 06 1e 87 0e 45 ed 21
12 04 c7 0e 02 63 12 06 1e 76 0e 45 a8 d6
12 04 c7 0e 02 6e 12 06 1e 87 0e 45 d8 b7
12 04 c7 0e 02 79 12 06 1e 89 0e 45 c7 c0
12 04 c7 0e 02 84 12 06 1e 8a 0e 45 f3 a5
12 04 c7 0e 02 8f 12 06 1e 88 0e 45 3b ae
12 04 c7 0e 02 9a 12 06 1e 81 0e 45 b6 b1
12 04 c7 0e 02 bb 12 06 1e 88 0e 45 40 60
12 04 c7 0e 02 c6 12 06 1e 89 0e 45 0a b1
12 04 c7 0e 02 d1 12 06 1e 75 0e 45 3b 4f
12 04 c7 0e 02 dc 12 06 1e 87 0e 45 87 33
12 04 c7 0e 02 e7 12 06 1e 85 0e 45 a8 46
12 04 c7 0e 02 f2 12 06 1e 84 0e 45 05 03
12 04 c7 0e 02 13 13 06 1e 89 0e 45 93 41
12 04 c7 0e 02 1e 13 06 1e 7f 0e 45 3f 10
12 04 c7 0e 02 29 13 06 1e 85 0e 45 23 79
12 04 c7 0e 02 34 13 06 1e 89 0e 45 d3 29
12 04 c7 0e 02 3f 13 06 1e 86 0e 45 6f 5e
12 04 c7 0e 02 4a 13 06 1e 74 0e 45 66 64
12 04 c7 0e 02
12 04 c7 0e 02 76 13 06 1e 84 0e 45 92 5c
12 04 c7 0e 02 81 13 06 1e 89 0e 45 79 69
12 04 c7 0e 02 8c 13 06 1e 86 0e 45 17 f6
12 04 c7 0e 02 97 13 06 1e 6f 0e 45 87 43
12 04 c7 0e 02 a2 13 06 1e 71 0e 45 23 74
12 04 c7 0e 02 ad 13 06 1e 89 0e 45 79 1c
12 04 c7 0e 02 ce 13 06 1e 86 0e 45 22
12 04 c7 0e 02 d9 13 06 1e 7a 0e 45 13 01
12 04 c7 0e 02 ef 13 06 1e 86 0e 45 b0 7f
12 04 c7 0e 02 fa 13 06 1e 86 0e 45 59 31
12 04 c7 0e 02 05 14 06 1e 87 0e 45 49 f3
12 04 c7 0e 02 3c 14 06 1e 89 0e 44 91 b8
12 04 c7 0e 02 46 14 06 1e 85 0e 44 5a d1
12 04 c7 0e 02 51 14 06 1e 85 0e 44 fd c7
12 04 c7 0e 02 5c 14 06 1e 87 0e 44 e7 24
12 04 c7 0e 02 67 14 06 1e 85 0e 44 c8 51
12 04 c7 0e 02 9e 14 06 1e 82 0e 44 70 a9
12 04 c7 0e 02 a9 14 06 1e 87 0e 44 36 35
12 04 c7 0e 02 b4 14 06 1e 85 0e 44 7e 04
12 04 c7 0e 02 bf 14 06 1e 69 0e 44 e8 45
12 04 c7 0e 02 ca 14 06 1e 84 0e 44 5d a1
12 04 c7 0e 02 d5 14 06 1e 88 0e 44 e3 a9
12 04 c7 0e 02 e0 14 06 1e 84 0e 44 8f 3c
12 04 c7 0e 02 eb 14 06 1e 73 0e 44 b5 8e
12 04 c7 0e 02 f6 14 06 1e 6c 0e 44 c9 77
12 04 c7 0e 02 01 15 06 1e 86 0e 44 e5 14
12 04 c7 0e 02 0c 15 06 1e 85 0e 44 bb fc
12 04 c7 0e 02 17 15 06 1e 85 0e 44 a9 33
12 04 c7 0e 02 22 15 06 1e 85 0e 44 f5 d1
12 04 c7 0e 02 38 15 06 1e 63 0e 44 be 22
12 04 c7 0e 02 43 15 06 1e 84 0e 44 58 0b
12 04 c7 0e 02 4e 15 06 1e 88 0e 44 fa 89
12 04 c7 0e 02 59 15 06 1e 6e 0e 44 23 8f
12 04 c7 0e 02 64 15 06 1e 87 0e 44 d4 7e
12 04 c7 0e 02 6f 15 06 1e 62 0e 44 26 6e
12 04 c7 0e 02 7a 15 06 1e 85 0e 44 f5 3b
12 04 c7 0e 02 9b 15 06 1e 85 0e 44 ea 48
12 04 c7 0e 02 a6 15 06 1e 68 0e 44 0d 94
12 04 c7 0e 02 b1 15 06 1e 69 0e 44 ee 89
12 04 c7 0e 02 bc 15 06 1e 81 0e 44 ba 0d
12 04 c7 0e 02 c7 15 06 1e 85 0e 44 76 12
12 04 c7 0e 02 d2 15 06 1e 6c 0e 44 1d 26
12 04 c7 0e 02 dd 15 06 1e 85 0e 44 43 f1
12 04 c7 0e 02 e8 15 06 1e 48 0e 44 1c 24
12 04 c7 0e 02 fe 15 06 1e 82 0e 44 43 19
12 04 c7 0e 02 09 16 06 1e 83 0e 44 9f 8d
12 04 c7 0e 02 14 16 06 1e 85 0e 44 c7 91
12 04 c7 0e 02 1f 16 06 1e 6d 0e 44 41 fd
