19 04 e4 1b 02 e3 03 07 01 01 1f 3b a1 9a b9 e0 41 48 5b 90
19 04 e4 1b 02 ee 03 07 01 01 1f 3b a1 9a b9 df 41 0c 1d fa
19 04 e4 1b 02 04 04 07 01 01 1f 3b a1 9a b9 de 41 0c 32 96
19 04 e4 1b 02 0a 04 07 01 01 1f 3b a1 9a b9 df 41 0c 2c 7d
19 04 e4 1b 02 0f 04 07 01 01 1f 3b a1 9a b9 df 41 0c 1f 2d
19 04 e4 1b 02 15 04 07 01 01 1f 3b a1 9a b9 de 41 0c dc 8e
19 04 e4 1b 02 1c 04 07 01 01 1f 3b a1 9a b9 df 41 0c ef 15
19 04 e4 1b 02 21 04 07 01 01 1f 3b a1 9a b9 de 41 0c c3 d7
19 04 e4 1b 02 42 04 07 01 01 1f 3b a1 9a b9 dd 41 0c 58 c8
19 04 e4 1b 02 48 04 07 01 01 1f 3b a1 9a b9 df 41 0c b6 7e
19 04 e4 1b 02 4d 04 07 01 01 1f 3b a1 9a b9 e2 41 0c 20 86
19 04 e4 1b 02 53 04 07 01 01 1f 3b a1 9a b9 de 41 0c 7a cd
19 04 e4 1b 02 5b 04 07 01 01 1f 3b a1 9a b9 de 48 0c 1c d1
19 04 e4 1b 02 5f 04 07 01 01 1f 3b a1 9a b9 df 48 0c 64 9a
19 04 e4 1b 02 65 04 07 01 01 1f 3b a1 9a b9 e2 48 0c 84 8b
19 04 e4 1b 02 6a 04 07 01 01 1f 3b a1 9a b9 de 48 0c 30 d8
19 04 e4 1b 02 70 04 07 01 01 1f 3b a1 9a b9 de 48 0c b7 70
19 04 e4 1b 02 75 04 07 01 01 1f 3b a1 9a b9 de 48 0c 84 20
19 04 e4 1b 02 80 04 07 01 01 1f 3b a1 9a b9 e2 48 0c f9 ae
19 04 e4 1b 02 86 04 07 01 01 1f 3b a1 9a b9 de 48 0c 3a 6d
19 04 e4 1b 02 8b 04 07 01 01 1f 3b a1 9a b9 dd 1c 0c 3f 40
19 04 e4 1b 02 91 04 07 01 01 1f 3b a1 9a b9 dd 48 0c 3a 08
19 04 e4 1b 02 96 04 07 01 01 1f 3b a1 9a b9 de 48 0c db 65
19 04 e4 1b 02 99 04 07 01 01 1f 3b a1 9a b9 de 48 0c 8e 95
19 04 e4 1b 02 9d 04 07 01 01 1f 3b a1 9a b9 e1 41 0c 81 f7
19 04 e4 1b 02 a3 04 07 01 01 1f 3b a1 9a b9 dc 41 0c 5d a6
19 04 e4 1b 02 a8 04 07 01 01 1f 3b a1 9a b9 d8 41 0c 24 3b
19 04 e4 1b 02 ae 04 07 01 01 1f 3b a1 9a b9 d7 41 0c fa 31
19 04 e4 1b 02 b3 04 07 01 01 1f 3b a1 9a b9 d5 41 0c d8 1a 04 b1 0e 02 eb 13 06 05 04 04 cf 04 34 06 04 cf
19 04 e4 1b 02 b9 04 07 01 01 1f 3b a1 9a b9 dc 41 0c da 0e
19 04 e4 1b 02 be 04 07 01 01 1f 3b a1 9a b9 d4 41 0c d7 24
19 04 e4 1b 02 c4 04 07 01 01 1f 3b a1 9a b9 d4 41 0c 16 be
19 04 e4 1b 02 c9 04 07 01 01 1f 3b a1 9a b9 d5 41 0c 19 65
19 04 e4 1b 02 cf 04 07 01 01 1f 3b a1 9a b9 d6 41 0c f7 18
19 04 e4 1b 02 d4 04 07 01 01 1f 3b a1 9a b9 d4 41 0c f7 b6
19 04 e4 1b 02 e1 04 07 01 01 1f 3b a1 9a b9 d7 41 0c 2b e2
19 04 e4 1b 02 ec 04 07 01 01 1f 3b a1 9a b9 d6 41 0c 24 39
19 04 e4 1b 02 f2 04 07 01 01 1f 3b a1 9a b9 d6 41 0c 9f d1
19 04 e4 1b 02 f7 04 07 01 01 1f 3b a1 9a b9 d5 41 0c 60 9c
19 04 e4 1b 02 fd 04 07 01 01 1f 3b a1 9a b9 d6 41 0c ca 21
19 04 e4 1b 02 02 05 07 01 01 1f 3b a1 9a b9 d5 41 0c ec 3f
19 04 e4 1b 02 08 05 07 01 01 1f 3b a1 9a b9 dc 41 0c ee ce
19 04 e4 1b 02 0d 05 07 01 01 1f 3b a1 9a b9 db 41 0c 01 ae
19 04 e4 1b 02 1b 05 07 01 01 1f 3b a1 9a b9 da 41 0c 86 cd
19 04 e4 1b 02 1f 05 07 01 01 1f 3b a1 9a b9 d6 41 0c 8a fa
19 04 e4 1b 02 25 05 07 01 01 1f 3b a1 9a b9 d6 41 0c cf 43
19 04 e4 1b 02 2a 05 07 01 01 1f 3b a1 9a b9 d5 41 0c 56 ae
19 04 e4 1b 02 30 05 07 01 01 1f 3b a1 9a b9 d6 41 0c 1d 1b
19 04 e4 1b 02 35 05 07 01 01 1f 3b a1 9a b9 d5 41 0c e2 56
19 04 e4 1b 02 3b 05 07 01 01 1f 3b a1 9a b9 db 48 0c 1e 4b
19 04 e4 1b 02 40 05 07 01 01 1f 3b a1 9a b9 db 48 0c d0 c1
19 04 e4 1b 02 46 05 07 01 01 1f 3b a1 9a b9 d9 48 0c 7a b7
19 04 e4 1b 02 4b 05 07 01 01 1f 3b a1 9a b9 db 48 0c b9 71
19 04 e4 1b 02 51 05 07 01 01 1f 3b a1 9a b9 d6 48 0c 4a a5
19 04 e4 1b 02 56 05 07 01 01 1f 3b a1 9a b9 d5 48 0c ab c8
19 04 e4 1b 02 59 05 07 01 01 1f 3b a1 9a b9 d6 48 0c 32 25
19 04 e4 1b 02 5d 05 07 01 01 1f 3b a1 9a b9 d7 48 0c 4a 6e
19 04 e4 1b 02 63 05 07 01 01 1f 3b a1 9a b9 d5 48 0c bb 81
19 04 e4 1b 02 68 05 07 01 01 1f 3b a1 9a b9 d7 48 0c 5a 27
19 04 e4 1b 02 6e 05 07 01 01 1f 3b a1 9a b9 d4 48 0c b4 5a
19 04 e4 1b 02 73 05 07 01 01 1f 3b a1 9a b9 d4 34 0c 65 a7
19 04 e4 1b 02 79 05 07 01 01 1f 3b a1 9a b9 d6 48 90 15 6a
19 04 e4 1b 02 7e 05 07 01 01 1f 3b a1 9a b9 d6 48 0c dd 44
19 04 e4 1b 02 84 05 07 01 01 1f 3b a1 9a b9 d5 48 0c d8 84
19 04 e4 1b 02 89 05 07 01 01 1f 3b a1 9a b9 da 48 0c 6f 3e
19 04 e4 1b 02 8f 05 07 01 01 1f 3b a1 9a b9 d9 48 0c 81 43
19 04 e4 1b 02 94 05 07 01 01 1f 3b a1 9a b9 d7 48 4e a7 fb
19 04 e4 1b 02 98 05 07 01 01 1f 3b a1 9a b9 dd 48 0c 5d 16
19 04 e4 1b 02 9c 05 07 01 01 1f 3b a1 9a b9 dd 48 0c 61 56
19 04 e4 1b 02 a1 05 07 01 01 1f 3b a1 9a b9 d8 48 0c 5d b9
19 04 e4 1b 02 a6 05 07 01 01 1f 3b a1 9a b9 d4 48 0c 40 be
19 04 e4 1b 02 ac 05 07 01 01 1f 3b a1 9a b9 d6 4e 0c 77 de
19 04 e4 1b 02 b1 05 07 01 01 1f 3b a1 9a b9 d5 48 0c c8 cd
19 04 e4 1b 02 b7 05 07 01 01 1f 3b a1 9a b9 d5 48 0c ea ad
