1a 04 b1 0e 02 29 12 06 05 04 04 04 04 04 e9 96
1a 04 b1 0e 02 2a 12 06 05 04 04 04 04 04 d1 97
1a 04 b1 0e 02 2b 12 06 05 04 04 04 04 04 36 6f
1a 04 b1 0e 02 2d 12 06 05 04 04 04 04 04 46 6d
1a 04 b1 0e 02 2f 12 06 05 04 04 04 04 04 99 94
1a 04 b1 0e 02 30 12 06 05 04 04 04 04 04 ce 67
1a 04 b1 0e 02 31 12 06 05 04 04 04 04 04 29 9f
1a 04 b1 0e 02 32 12 06 05 04 04 04 04 04 9e
1a 04 b1 0e 02 33 12 06 05 04 04 04 04 04 04 d2 20
1a 04 b1 0e 02 34 12 06 05 04 04 04 04 04 04 45 da
1a 04 b1 0e 02 35 12 06 05 04 04 04 04 04 86 64
1a 04 b1 0e 02 36 12 06 05 04 04 04 04 04 be 65
1a 04 b1 0e 02 38 12 06 05 04 04 04 04 04 04 a5 de
1a 04 b1 0e 02 39 12 06 05 04 04 04 04 04 66 60
1a 04 b1 0e 02 3a 12 06 05 04 04 04 04 04 5e 61
1a 04 b1 0e 02 3b 12 06 05 04 04 04 04 04 04 9d df
1a 04 b1 0e 02 3c 12 06 05 04 04 04 04 04 04 0a 25
1a 04 b1 0e 02 3d 12 06 05 04 04 04 04 04 c9 9b
1a 04 b1 0e 02 3e 12 06 05 04 04 04 04 04 04 d5 dc
1a 04 b1 0e 02 3f 12 06 05 04 04 04 04 04 04 32 24
1a 04 b1 0e 02 40 12 06 05 04 04 04 04 04 41 b6
1a 04 b1 0e 02 41 12 06 05 04 04 04 04 04 04 82 08
1a 04 b1 0e 02 44 12 06 05 04 04 04 04 04 04 ca 0b
1a 04 b1 0e 02 46 12 06 05 04 04 04 04 04 04 15 f2
1a 04 b1 0e 02 47 12 06 05 04 04 04 04 04 04 f2 0a
1a 04 b1 0e 02 48 12 06 05 04 04 04 04 04 0e 49
1a 04 b1 0e 02 49 12 06 05 04 04 04 04 04 e9 b1
1a 04 b1 0e 02 4a 12 06 05 04 04 04 04 04 d1 b0
1a 04 b1 0e 02 4c 12 06 05 04 04 04 04 04 a1 b2
1a 04 b1 0e 02 4f 12 06 05 04 04 04 04 04 99 b3
1a 04 b1 0e 02 50 12 06 05 04 04 04 04 04 ce 40
1a 04 b1 0e 02 51 12 06 05 04 04 04 04 04 29 b8
1a 04 b1 0e 02 52 12 06 05 04 04 04 04 04 b9
1a 04 b1 0e 02 54 12 06 05 04 04 04 04 04 61 bb
1a 04 b1 0e 02
1a 04 b1 0e 02 56 12 06 05 04 04 04 04 04 04 9a 04
1a 04 b1 0e 02 57 12 06 05 04 04 04 04 04 59 ba
1a 04 b1 0e 02 59 12 06 05 04 04 04 04 04 66 47
1a 04 b1 0e 02 5a 12 06 05 04 04 04 04 04 5e 46
1a 04 b1 0e 02 5b 12 06 05 04 04 04 04 04 04 9d f8
1a 04 b1 0e 02 5c 12 06 05 04 04 04 04 04 2e 44
1a 04 b1 0e 02 5e 12 06 05 04 04 04 04 04 04 d5 fb
1a 04 b1 0e 02 5f 12 06 05 04 04 04 04 04 16 45
1a 04 b1 0e 02 60 12 06 05 04 04 04 04 04 4e 53
1a 04 b1 0e 02 62 12 06 05 04 04 04 04 04 04 b5 ec
1a 04 b1 0e 02 65 12 06 05 04 04 04 04 04 04 22 16
1a 04 b1 0e 02 66 12 06 05 04 04 04 04 04 04 1a 17
1a 04 b1 0e 02 67 12 06 05 04 04 04 04 04 d9 a9
1a 04 b1 0e 02 68 12 06 05 04 04 04 04 04 01 ac
1a 04 b1 0e 02 69 12 06 05 04 04 04 04 04 e6 54
1a 04 b1 0e 02 6a 12 06 05 04 04 04 04 04 de
1a 04 b1 0e 02 6b 12 06 05 04 04 04 04 04 39 ad
1a 04 b1 0e 02 6c 12 06 05 04 04 04 04 04 ae 57
1a 04 b1 0e 02 6d 12 06 05 04 04 04 04 04 49 af
1a 04 b1 0e 02 6f 12 06 05 04 04 04 04 04 96 56
1a 04 b1 0e 02 70 12 06 05 04 04 04 04 04 c1 a5
1a 04 b1 0e 02 71 12 06 05 04 04 04 04 04 26 5d
1a 04 b1 0e 02 72 12 06 05 04 04 04 04 04 1e 5c
1a 04 b1 0e 02 73 12 06 05 04 04 04 04 04 f9 a4
1a 04 b1 0e 02 74 12 06 05 04 04 04 04 04 6e 5e
1a 04 b1 0e 02 75 12 06 05 04 04 04 04 04 04 ad e0
1a 04 b1 0e 02 77 12 06 05 04 04 04 04 04 56 5f
1a 04 b1 0e 02 7a 12 06 05 04 04 04 04 04 04 75 e5
1a 04 b1 0e 02 7c 12 06 05 04 04 04 04 04 21 a1
1a 04 b1 0e 02 7d 12 06 05 04 04 04 04 04 c6 59
1a 04 b1 0e 02 7e 12 06 05 04 04 04 04 04 fe 58
1a 04 b1 0e 02 7f 12 06 05 04 04 04 04 04 19 a0
1a 04 b1 0e 02 80 12 06 05 04 04 04 04 04 04 65 be
1a 04 b1 0e 02 82 12 06 05 04 04 04 04 04 9e 01
1a 04 b1 0e 02 85 12 06 05 04 04 04 04 04 04 2d bd
1a 04 b1 0e 02 87 12 06 05 04 04 04 04 04 d6 02
1a 04 b1 0e 02 88 12 06 05 04 04 04 04 04 04 2a 41
1a 04 b1 0e 02 89 12 06 05 04 04 04 04 04 04 cd b9
1a 04 b1 0e 02 8a 12 06 05 04 04 04 04 04 d1 fe
1a 04 b1 0e 02 8b 12 06 05 04 04 04 04 04 36 06
1a 04 b1 0e 02 8c 12 06 05 04 04 04 04 04 a1 fc
1a 04 b1 0e 02 8d 12 06 05 04 04 04 04 04 46 04
1a 04 b1 0e 02 90 12 06 05 04 04 04 04 04 ce 0e
1a 04 b1 0e 02 91 12 06 05 04 04 04 04 04 29 f6
1a 04 b1 0e 02 92 12 06 05 04 04 04 04 04 f7
1a 04 b1 0e 02 93 12 06 05 04 04 04 04 04 f6 0f
1a 04 b1 0e 02 94 12 06 05 04 04 04 04 04 61 f5
1a 04 b1 0e 02 95 12 06 05 04 04 04 04 04 86 0d
1a 04 b1 0e 02 96 12 06 05 04 04 04 04 04 be 0c
1a 04 b1 0e 02 97 12 06 05 04 04 04 04 04 59 f4
1a 04 b1 0e 02 98 12 06 05 04 04 04 04 04 04 a5 b7
1a 04 b1 0e 02 9b 12 06 05 04 04 04 04 04 b9 f0
1a 04 b1 0e 02 9c 12 06 05 04 04 04 04 04 2e 0a
1a 04 b1 0e 02 9d 12 06 05 04 04 04 04 04 c9 f2
1a 04 b1 0e 02 9e 12 06 05 04 04 04 04 04 f1 f3
1a 04 b1 0e 02 9f 12 06 05 04 04 04 04 04 16 0b
1a 04 b1 0e 02 a0 12 06 05 04 04 04 04 04 04 6a 5b
1a 04 b1 0e 02 a1 12 06 05 04 04 04 04 04 a9 e5
1a 04 b1 0e 02 a2 12 06 05 04 04 04 04 04 91 e4
1a 04 b1 0e 02 a3 12 06 05 04 04 04 04 04 04 52 5a
1a 04 b1 0e 02 a4 12 06 05 04 04 04 04 04 e1 e6
1a 04 b1 0e 02 a6 12 06 05 04 04 04 04 04 3e 1f
1a 04 b1 0e 02 a7 12 06 05 04 04 04 04 04 04 fd a1
1a 04 b1 0e 02 a8 12 06 05 04 04 04 04 04 04 25 a4
1a 04 b1 0e 02 a9 12 06 05 04 04 04 04 04 e6 1a
1a 04 b1 0e 02 aa 12 06 05 04 04 04 04 04 de 1b
1a 04 b1 0e 02 ab 12 06 05 04 04 04 04 04 04 1d a5
1a 04 b1 0e 02 ac 12 06 05 04 04 04 04 04 ae 19
1a 04 b1 0e 02 ad 12 06 05 04 04 04 04 04 49 e1
1a 04 b1 0e 02 ae 12 06 05 04 04 04 04 04 04
1a 04 b1 0e 02 af 12 06 05 04 04 04 04 04 04 b2 5e
1a 04 b1 0e 02 b2 12 06 05 04 04 04 04 04 04 3a 54
1a 04 b1 0e 02 b4 12 06 05 04 04 04 04 04 6e 10
1a 04 b1 0e 02 b5 12 06 05 04 04 04 04 04 89 e8
1a 04 b1 0e 02 b6 12 06 05 04 04 04 04 04 b1 e9
1a 04 b1 0e 02 b7 12 06 05 04 04 04 04 04 56
1a 04 b1 0e 02 b8 12 06 05 04 04 04 04 04 8e 14
1a 04 b1 0e 02 ba 12 06 05 04 04 04 04 04 51 ed
1a 04 b1 0e 02 bd 12 06 05 04 04 04 04 04 c6 17
1a 04 b1 0e 02 be 12 06 05 04 04 04 04 04 fe 16
1a 04 b1 0e 02 bf 12 06 05 04 04 04 04 04 19 ee
1a 04 b1 0e 02 c0 12 06 05 04 04 04 04 04 4e 3a
1a 04 b1 0e 02 c1 12 06 05 04 04 04 04 04 a9 c2
1a 04 b1 0e 02 c2 12 06 05 04 04 04 04 04 04 b5 85
1a 04 b1 0e 02 c3 12 06 05 04 04 04 04 04 76 3b
1a 04 b1 0e 02 c4 12 06 05 04 04 04 04 04 e1 c1
1a 04 b1 0e 02 c5 12 06 05 04 04 04 04 04 06 39
1a 04 b1 0e 02 c8 12 06 05 04 04 04 04 04 01 c5
1a 04 b1 0e 02 c9 12 06 05 04 04 04 04 04 e6 3d
1a 04 b1 0e 02 ca 12 06 05 04 04 04 04 04 04 fa 7a
1a 04 b1 0e 02 cc 12 06 05 04 04 04 04 04 ae 3e
1a 04 b1 0e 02 cd 12 06 05 04 04 04 04 04 04 6d 80
1a 04 b1 0e 02 ce 12 06 05 04 04 04 04 04 04
1a 04 b1 0e 02 cf 12 06 05 04 04 04 04 04 96 3f
1a 04 b1 0e 02 d0 12 06 05 04 04 04 04 04 04 e5 8a
1a 04 b1 0e 02 d2 12 06 05 04 04 04 04 04 04 3a 73
1a 04 b1 0e 02 d3 12 06 05 04 04 04 04 04 f9 cd
1a 04 b1 0e 02 d4 12 06 05 04 04 04 04 04 6e 37
1a 04 b1 0e 02 d5 12 06 05 04 04 04 04 04 04 ad 89
1a 04 b1 0e 02 d6 12 06 05 04 04 04 04 04 04 95 88
1a 04 b1 0e 02 d7 12 06 05 04 04 04 04 04 56 36
1a 04 b1 0e 02 d8 12 06 05 04 04 04 04 04 04 aa 75
1a 04 b1 0e 02 d9 12 06 05 04 04 04 04 04 04 4d 8d
1a 04 b1 0e 02 da 12 06 05 04 04 04 04 04 51 ca
1a 04 b1 0e 02 db 12 06 05 04 04 04 04 04 04 92 74
1a 04 b1 0e 02 dd 12 06 05 04 04 04 04 04 04 e2 76
1a 04 b1 0e 02 de 12 06 05 04 04 04 04 04 04 da 77
1a 04 b1 0e 02 df 12 06 05 04 04 04 04 04 19 c9
1a 04 b1 0e 02 e0 12 06 05 04 04 04 04 04 04 65 99
1a 04 b1 0e 02 e1 12 06 05 04 04 04 04 04 04 82 61
1a 04 b1 0e 02 e2 12 06 05 04 04 04 04 04 9e 26
1a 04 b1 0e 02 e3 12 06 05 04 04 04 04 04 79 de
1a 04 b1 0e 02 e5 12 06 05 04 04 04 04 04 09 dc
1a 04 b1 0e 02 e6 12 06 05 04 04 04 04 04 31 dd
1a 04 b1 0e 02 e8 12 06 05 04 04 04 04 04 0e 20
1a 04 b1 0e 02 e9 12 06 05 04 04 04 04 04 e9 d8
1a 04 b1 0e 02 ea 12 06 05 04 04 04 04 04 d1 d9
1a 04 b1 0e 02 eb 12 06 05 04 04 04 04 04 36 21
1a 04 b1 0e 02 ec 12 06 05 04 04 04 04 04 a1 db
1a 04 b1 0e 02 ed 12 06 05 04 04 04 04 04 04 62 65
1a 04 b1 0e 02 ee 12 06 05 04 04 04 04 04 7e 22
1a 04 b1 0e 02 f0 12 06 05 04 04 04 04 04 ce 29
1a 04 b1 0e 02 f1 12 06 05 04 04 04 04 04 29 d1
1a 04 b1 0e 02 f3 12 06 05 04 04 04 04 04 f6 28
1a 04 b1 0e 02 f5 12 06 05 04 04 04 04 04 04 a2 6c
1a 04 b1 0e 02 f6 12 06 05 04 04 04 04 04 be 2b
1a 04 b1 0e 02 f7 12 06 05 04 04 04 04 04 59 d3
1a 04 b1 0e 02 f8 12 06 05 04 04 04 04 04 04 a5 90
1a 04 b1 0e 02 f9 12 06 05 04 04 04 04 04 66 2e
1a 04 b1 0e 02 fa 12 06 05 04 04 04 04 04 5e 2f
1a 04 b1 0e 02 fb 12 06 05 04 04 04 04 04 b9 d7
1a 04 b1 0e 02 fc 12 06 05 04 04 04 04 04 2e 2d
1a 04 b1 0e 02 fe 12 06 05 04 04 04 04 04 f1 d4
1a 04 b1 0e 02 13 06 05 04 04 04 04 04 04 65 22
1a 04 b1 0e 02 01 13 06 05 04 04 04 04 04 a6 9c
1a 04 b1 0e 02 02 13 06 05 04 04 04 04 04 9e 9d
1a 04 b1 0e 02 03 13 06 05 04 04 04 04 04 04 5d 23
1a 04 b1 0e 02 04 13 06 05 04 04 04 04 04 04 ca d9
1a 04 b1 0e 02 05 13 06 05 04 04 04 04 04 09 67
1a 04 b1 0e 02 06 13 06 05 04 04 04 04 04 04 15 20
1a 04 b1 0e 02 07 13 06 05 04 04 04 04 04 04 f2 d8
1a 04 b1 0e 02 09 13 06 05 04 04 04 04 04 e9 63
1a 04 b1 0e 02 0a 13 06 05 04 04 04 04 04 d1 62
1a 04 b1 0e 02 0b 13 06 05 04 04 04 04 04 04 12 dc
1a 04 b1 0e 02 0c 13 06 05 04 04 04 04 04 04 85 26
1a 04 b1 0e 02 0d 13 06 05 04 04 04 04 04 46 98
1a 04 b1 0e 02 0e 13 06 05 04 04 04 04 04 7e 99
1a 04 b1 0e 02 0f 13 06 05 04 04 04 04 04 99 61
1a 04 b1 0e 02 10 13 06 05 04 04 04 04 04 ce 92
1a 04 b1 0e 02 12 13 06 05 04 04 04 04 04 6b
1a 04 b1 0e 02 15 13 06 05 04 04 04 04 04 86 91
1a 04 b1 0e 02 17 13 06 05 04 04 04 04 04 59 68
1a 04 b1 0e 02 18 13 06 05 04 04 04 04 04 81 6d
1a 04 b1 0e 02 19 13 06 05 04 04 04 04 04 66 95
1a 04 b1 0e 02 1a 13 06 05 04 04 04 04 04 5e 94
1a 04 b1 0e 02 1b 13 06 05 04 04 04 04 04 04 9d 2a
1a 04 b1 0e 02 1c 13 06 05 04 04 04 04 04 2e 96
1a 04 b1 0e 02 1d 13 06 05 04 04 04 04 04 c9 6e
1a 04 b1 0e 02 20 13 06 05 04 04 04 04 04 4e 81
1a 04 b1 0e 02 21 13 06 05 04 04 04 04 04 a9 79
1a 04 b1 0e 02 22 13 06 05 04 04 04 04 04 91 78
1a 04 b1 0e 02 23 13 06 05 04 04 04 04 04 04 52 c6
1a 04 b1 0e 02 24 13 06 05 04 04 04 04 04 e1 7a
1a 04 b1 0e 02 25 13 06 05 04 04 04 04 04 04 22 c4
1a 04 b1 0e 02 26 13 06 05 04 04 04 04 04 04 1a c5
1a 04 b1 0e 02 28 13 06 05 04 04 04 04 04 01 7e
1a 04 b1 0e 02 2b 13 06 05 04 04 04 04 04 04 1d 39
1a 04 b1 0e 02 2d 13 06 05 04 04 04 04 04 04 6d 3b
1a 04 b1 0e 02 2e 13 06 05 04 04 04 04 04 04
1a 04 b1 0e 02 2f 13 06 05 04 04 04 04 04 96 84
1a 04 b1 0e 02 30 13 06 05 04 04 04 04 04 04 e5 31
1a 04 b1 0e 02 31 13 06 05 04 04 04 04 04 04 02 c9
1a 04 b1 0e 02 32 13 06 05 04 04 04 04 04 04 3a c8
1a 04 b1 0e 02 33 13 06 05 04 04 04 04 04 f9 76
1a 04 b1 0e 02 35 13 06 05 04 04 04 04 04 04 ad 32
1a 04 b1 0e 02 36 13 06 05 04 04 04 04 04 04 95 33
1a 04 b1 0e 02 37 13 06 05 04 04 04 04 04 56 8d
1a 04 b1 0e 02 38 13 06 05 04 04 04 04 04 04 aa ce
1a 04 b1 0e 02 39 13 06 05 04 04 04 04 04 04 4d 36
1a 04 b1 0e 02 3a 13 06 05 04 04 04 04 04 51 71
1a 04 b1 0e 02 3b 13 06 05 04 04 04 04 04 b6 89
1a 04 b1 0e 02 3c 13 06 05 04 04 04 04 04 21 73
1a 04 b1 0e 02 3d 13 06 05 04 04 04 04 04 c6 8b
1a 04 b1 0e 02 3e 13 06 05 04 04 04 04 04 fe 8a
1a 04 b1 0e 02 40 13 06 05 04 04 04 04 04 4e a6
1a 04 b1 0e 02 42 13 06 05 04 04 04 04 04 91 5f
1a 04 b1 0e 02 44 13 06 05 04 04 04 04 04 e1 5d
1a 04 b1 0e 02 45 13 06 05 04 04 04 04 04 04 22 e3
1a 04 b1 0e 02 46 13 06 05 04 04 04 04 04 3e a4
1a 04 b1 0e 02 47 13 06 05 04 04 04 04 04 d9 5c
1a 04 b1 0e 02 48 13 06 05 04 04 04 04 04 01 59
1a 04 b1 0e 02 49 13 06 05 04 04 04 04 04 04 c2 e7
1a 04 b1 0e 02 4b 13 06 05 04 04 04 04 04 39 58
1a 04 b1 0e 02 4c 13 06 05 04 04 04 04 04 ae a2
1a 04 b1 0e 02 4d 13 06 05 04 04 04 04 04 04 6d 1c
1a 04 b1 0e 02 4f 13 06 05 04 04 04 04 04 96 a3
1a 04 b1 0e 02 50 13 06 05 04 04 04 04 04 04 e5 16
1a 04 b1 0e 02 51 13 06 05 04 04 04 04 04 04 02 ee
1a 04 b1 0e 02 52 13 06 05 04 04 04 04 04 1e a9
1a 04 b1 0e 02 54 13 06 05 04 04 04 04 04 04 4a ed
1a 04 b1 0e 02 56 13 06 05 04 04 04 04 04 b1 52
1a 04 b1 0e 02 57 13 06 05 04 04 04 04 04 04 72 ec
1a 04 b1 0e 02 58 13 06 05 04 04 04 04 04 04 aa e9
1a 04 b1 0e 02 5a 13 06 05 04 04 04 04 04 51 56
1a 04 b1 0e 02 5b 13 06 05 04 04 04 04 04 b6 ae
1a 04 b1 0e 02 5c 13 06 05 04 04 04 04 04 21 54
1a 04 b1 0e 02 5e 13 06 05 04 04 04 04 04 fe ad
1a 04 b1 0e 02 5f 13 06 05 04 04 04 04 04 19
1a 04 b1 0e 02 61 13 06 05 04 04 04 04 04 a6 bb
1a 04 b1 0e 02 62 13 06 05 04 04 04 04 04 9e ba
1a 04 b1 0e 02 63 13 06 05 04 04 04 04 04 79 42
1a 04 b1 0e 02 65 13 06 05 04 04 04 04 04 09 40
1a 04 b1 0e 02 66 13 06 05 04 04 04 04 04 31 41
1a 04 b1 0e 02 67 13 06 05 04 04 04 04 04 d6 b9
1a 04 b1 0e 02 68 13 06 05 04 04 04 04 04 04 2a fa
1a 04 b1 0e 02 69 13 06 05 04 04 04 04 04 e9 44
1a 04 b1 0e 02 6a 13 06 05 04 04 04 04 04 d1 45
1a 04 b1 0e 02 6c 13 06 05 04 04 04 04 04 04 85 01
1a 04 b1 0e 02 6d 13 06 05 04 04 04 04 04 46 bf
1a 04 b1 0e 02 6e 13 06 05 04 04 04 04 04 7e be
1a 04 b1 0e 02 6f 13 06 05 04 04 04 04 04 99 46
1a 04 b1 0e 02 70 13 06 05 04 04 04 04 04 04 ea f3
1a 04 b1 0e 02 71 13 06 05 04 04 04 04 04 29 4d
1a 04 b1 0e 02 72 13 06 05 04 04 04 04 04 04 35 0a
1a 04 b1 0e 02 73 13 06 05 04 04 04 04 04 04 d2 f2
1a 04 b1 0e 02 74 13 06 05 04 04 04 04 04 61 4e
1a 04 b1 0e 02 77 13 06 05 04 04 04 04 04 04 7d 09
1a 04 b1 0e 02 78 13 06 05 04 04 04 04 04 04 a5 0c
1a 04 b1 0e 02 7a 13 06 05 04 04 04 04 04 04 7a f5
1a 04 b1 0e 02 7b 13 06 05 04 04 04 04 04 04 9d 0d
1a 04 b1 0e 02 7c 13 06 05 04 04 04 04 04 2e b1
1a 04 b1 0e 02 7d 13 06 05 04 04 04 04 04 04 ed 0f
1a 04 b1 0e 02 7e 13 06 05 04 04 04 04 04 04 d5 0e
1a 04 b1 0e 02 80 13 06 05 04 04 04 04 04 4e e8
1a 04 b1 0e 02 84 13 06 05 04 04 04 04 04 e1 13
1a 04 b1 0e 02 85 13 06 05 04 04 04 04 04 04 22 ad
1a 04 b1 0e 02 87 13 06 05 04 04 04 04 04 d9 12
1a 04 b1 0e 02 88 13 06 05 04 04 04 04 04 01 17
1a 04 b1 0e 02 89 13 06 05 04 04 04 04 04 e6 ef
1a 04 b1 0e 02 8a 13 06 05 04 04 04 04 04 de ee
1a 04 b1 0e 02 8b 13 06 05 04 04 04 04 04 39 16
1a 04 b1 0e 02 8e 13 06 05 04 04 04 04 04 71 15
1a 04 b1 0e 02 90 13 06 05 04 04 04 04 04 c1 1e
1a 04 b1 0e 02 92 13 06 05 04 04 04 04 04 1e e7
1a 04 b1 0e 02 93 13 06 05 04 04 04 04 04 f9 1f
1a 04 b1 0e 02 94 13 06 05 04 04 04 04 04 6e e5
1a 04 b1 0e 02 96 13 06 05 04 04 04 04 04 b1 1c
1a 04 b1 0e 02 99 13 06 05 04 04 04 04 04 69 19
1a 04 b1 0e 02 9a 13 06 05 04 04 04 04 04 51 18
1a 04 b1 0e 02 9b 13 06 05 04 04 04 04 04 b6 e0
1a 04 b1 0e 02 9c 13 06 05 04 04 04 04 04 21 1a
1a 04 b1 0e 02 9d 13 06 05 04 04 04 04 04 c6 e2
1a 04 b1 0e 02 9e 13 06 05 04 04 04 04 04 04 da a5
1a 04 b1 0e 02 9f 13 06 05 04 04 04 04 04 19 1b
1a 04 b1 0e 02 a0 13 06 05 04 04 04 04 04 41 0d
1a 04 b1 0e 02 a1 13 06 05 04 04 04 04 04 04 82 b3
1a 04 b1 0e 02 a3 13 06 05 04 04 04 04 04 79 0c
1a 04 b1 0e 02 a4 13 06 05 04 04 04 04 04 ee f6
1a 04 b1 0e 02 a5 13 06 05 04 04 04 04 04 09 0e
1a 04 b1 0e 02 a6 13 06 05 04 04 04 04 04 04 15 49
1a 04 b1 0e 02 a7 13 06 05 04 04 04 04 04 d6 f7
1a 04 b1 0e 02 a9 13 06 05 04 04 04 04 04 04 cd 4c
1a 04 b1 0e 02 aa 13 06 05 04 04 04 04 04 d1 0b
1a 04 b1 0e 02 ab 13 06 05 04 04 04 04 04 36 f3
1a 04 b1 0e 02 ac 13 06 05 04 04 04 04 04 04 85 4f
1a 04 b1 0e 02 ae 13 06 05 04 04 04 04 04 04 5a b6
1a 04 b1 0e 02 af 13 06 05 04 04 04 04 04 99 08
1a 04 b1 0e 02 b0 13 06 05 04 04 04 04 04 04 ea bd
1a 04 b1 0e 02 b1 13 06 05 04 04 04 04 04 04 0d 45
1a 04 b1 0e 02 b2 13 06 05 04 04 04 04 04 02
1a 04 b1 0e 02 b4 13 06 05 04 04 04 04 04 61
1a 04 b1 0e 02 b5 13 06 05 04 04 04 04 04 86 f8
1a 04 b1 0e 02 b6 13 06 05 04 04 04 04 04 be f9
1a 04 b1 0e 02 b7 13 06 05 04 04 04 04 04 59 01
1a 04 b1 0e 02 b9 13 06 05 04 04 04 04 04 66 fc
1a 04 b1 0e 02 ba 13 06 05 04 04 04 04 04 5e fd
1a 04 b1 0e 02 bb 13 06 05 04 04 04 04 04 b9 05
1a 04 b1 0e 02 bc 13 06 05 04 04 04 04 04 2e
1a 04 b1 0e 02 bf 13 06 05 04 04 04 04 04 16 fe
1a 04 b1 0e 02 c0 13 06 05 04 04 04 04 04 41 2a
1a 04 b1 0e 02 c1 13 06 05 04 04 04 04 04 a6 d2
1a 04 b1 0e 02 c2 13 06 05 04 04 04 04 04 9e d3
1a 04 b1 0e 02 c4 13 06 05 04 04 04 04 04 ee d1
1a 04 b1 0e 02 c5 13 06 05 04 04 04 04 04 09 29
1a 04 b1 0e 02 c6 13 06 05 04 04 04 04 04 31 28
1a 04 b1 0e 02 c7 13 06 05 04 04 04 04 04 d6 d0
1a 04 b1 0e 02 c8 13 06 05 04 04 04 04 04 0e d5
1a 04 b1 0e 02 ca 13 06 05 04 04 04 04 04 d1 2c
1a 04 b1 0e 02 cb 13 06 05 04 04 04 04 04 36 d4
1a 04 b1 0e 02 cc 13 06 05 04 04 04 04 04 04 85 68
1a 04 b1 0e 02 cd 13 06 05 04 04 04 04 04 46 d6
1a 04 b1 0e 02 d0 13 06 05 04 04 04 04 04 04 ea 9a
1a 04 b1 0e 02 d1 13 06 05 04 04 04 04 04 29 24
1a 04 b1 0e 02 d2 13 06 05 04 04 04 04 04 25
1a 04 b1 0e 02 d3 13 06 05 04 04 04 04 04 f6 dd
1a 04 b1 0e 02 d4 13 06 05 04 04 04 04 04 04 45 61
1a 04 b1 0e 02 d5 13 06 05 04 04 04 04 04 86 df
1a 04 b1 0e 02 d6 13 06 05 04 04 04 04 04 04 9a 98
1a 04 b1 0e 02 d8 13 06 05 04 04 04 04 04 81 23
1a 04 b1 0e 02 db 13 06 05 04 04 04 04 04 04 9d 64
1a 04 b1 0e 02 dc 13 06 05 04 04 04 04 04 04 0a 9e
1a 04 b1 0e 02 dd 13 06 05 04 04 04 04 04 c9 20
1a 04 b1 0e 02 de 13 06 05 04 04 5b 04 19 05 04 04 34 27
1a 04 b1 0e 02 df 13 06 05 04 04 25 05 04 04 04 ac 9b
1a 04 b1 0e 02 e1 13 06 05 04 04 18 03 48 05 04 38 36
1a 04 b1 0e 02 e2 13 06 05 04 04 d6 04 17 06 04 04 0d 73
1a 04 b1 0e 02 e3 13 06 05 04 04 bc 05 c3 02 04 04 37 74
1a 04 b1 0e 02 e6 13 06 05 04 04 e3 03 12 06 04 04 ba 9e
1a 04 b1 0e 02 e7 13 06 05 04 04 05 dd 05 04 04 f4 2c
1a 04 b1 0e 02 e8 13 06 05 04 04 39 05 5e 02 04 30 67
1a 04 b1 0e 02 e9 13 06 05 04 04 29 03 04 0d 57
1a 04 b1 0e 02 ea 13 06 05 04 04 02 03 fb 05 04 d2 2b
1a 04 b1 0e 02 ec 13 06 05 04 04 d8 05 94 02 04 a3 ac
1a 04 b1 0e 02 ee 13 06 05 04 04 08 03 72 05 04 69 f3
1a 04 b1 0e 02 f1 13 06 05 04 04 2f 05 c3 02 04 07 d0
1a 04 b1 0e 02 f2 13 06 05 04 04 4b 03 d7 03 04 a5 3c
1a 04 b1 0e 02 f3 13 06 05 04 04 04 04 04 f9 38
1a 04 b1 0e 02 f4 13 06 05 04 04 04 04 04 6e c2
1a 04 b1 0e 02 f5 13 06 05 04 04 fd 03 04 04 4c 81
1a 04 b1 0e 02 f7 13 06 05 04 04 2e 04 56 06 04 ee cd
1a 04 b1 0e 02 f8 13 06 05 04 04 a0 05 18 03 04 2b 03
1a 04 b1 0e 02 f9 13 06 05 04 04 04 d6 02 04 8c 8a
1a 04 b1 0e 02 fc 13 06 05 04 04 04 94 06 04 d5 69
1a 04 b1 0e 02 fe 13 06 05 04 04 04 21 03 04 04 5d 62
1a 04 b1 0e 02 06 05 04 04 9d 02 a3 04 04 c9 5a
1a 04 b1 0e 02 14 06 05 04 04 04 94 06 04 98 40
1a 04 b1 0e 02 01 14 06 05 04 04 b6 05 59 04 04 04 83 70
1a 04 b1 0e 02 02 14 06 05 04 04 1e 05 38 02 04 04 35 1e
1a 04 b1 0e 02 03 14 06 05 04 04 bd 02 04 04 4d c9
1a 04 b1 0e 02 04 14 06 05 04 04 e8 03
1a 04 b1 0e 02 06 14 06 05 04 04 56 05 1f 05 04 04 79 c4
1a 04 b1 0e 02 07 14 06 05 04 04 5b 05 1b 02 04 cf 04
1a 04 b1 0e 02 08 14 06 05 04 04 50 03 9c 03 04 45 f0
1a 04 b1 0e 02 09 14 06 05 04 04 65 03 ad 05 04 04 56 65
1a 04 b1 0e 02 0a 14 06 05 04 04 16 05 1d 05 04 04 41
1a 04 b1 0e 02 0b 14 06 05 04 04 95 04 75 02 04
1a 04 b1 0e 02 0c 14 06 05 04 04 81 02 04 04 17 84
1a 04 b1 0e 02 0e 14 06 05 04 04 51 05 26 05 04 83 03
1a 04 b1 0e 02 0f 14 06 05 04 04 71 04 89 03 04 72 69
1a 04 b1 0e 02 14 06 05 04 04 04 04 04 04 1a
1a 04 b1 0e 02 12 14 06 05 04 04 04 04 04 3c 1b
1a 04 b1 0e 02 13 14 06 05 04 04 04 04 04 db e3
1a 04 b1 0e 02 14 14 06 05 04 04 04 04 04 4c 19
1a 04 b1 0e 02 15 14 06 05 04 04 64 03 04 04 1a 53
1a 04 b1 0e 02 16 14 06 05 04 04 a3 02 a9 04 04 6c bc
1a 04 b1 0e 02 17 14 06 05 04 04 04 a7 05 04 d9 3e
1a 04 b1 0e 02 19 14 06 05 04 04 db 03 5d 03 04 04 dd 0b
1a 04 b1 0e 02 1a 14 06 05 04 04 b7 02 35 05 04 98 fe
1a 04 b1 0e 02 1c 14 06 05 04 04 c8 04 d4 05 04 f2 24
1a 04 b1 0e 02 1d 14 06 05 04 04 8b 05 b8 02 04 64
1a 04 b1 0e 02 1e 14 06 05 04 04 a9 03 89 03 04 fe 59
1a 04 b1 0e 02 1f 14 06 05 04 04 1c 02
1a 04 b1 0e 02 20 14 06 05 04 04 d4 03 94 06 04 5c db
1a 04 b1 0e 02 22 14 06 05 04 04 94 06 91 02 04 8e b3
1a 04 b1 0e 02 24 14 06 05 04 04 04 6c 01 04 04 70 4d
1a 04 b1 0e 02 25 14 06 05 04 04 b5 01 d8 02 04 ec e9
1a 04 b1 0e 02 27 14 06 05 04 04 6c 01 af 04 04 8a 31
1a 04 b1 0e 02 28 14 06 05 04 04 6c 01 94 06 04 04 e8 da
1a 04 b1 0e 02 29 14 06 05 b4 03 04 04 94 06 04 04 e5 59
1a 04 b1 0e 02 2a 14 06 05 45 03 04 29 05 94 06 04 66 15
1a 04 b1 0e 02 2b 14 06 05 8f 01 04 87 06 64 06 04 41 99
1a 04 b1 0e 02 2c 14 06 05 6c 01 94 06 94 06 9b 04 04 04 73 71
1a 04 b1 0e 02 2d 14 06 05 f6 03 94 06 4f 06 6d 02 04 c0 d4
1a 04 b1 0e 02 2f 14 06 05 05 77 03 f7 02 58 03 04 04 ab 63
1a 04 b1 0e 02 30 14 06 05 01 02 4a 03 b3 02 b9 05 04 04 59 4f
1a 04 b1 0e 02 32 14 06 05 6c 01 ad 05 04 94 06 04 2c
1a 04 b1 0e 02 33 14 06 05 6c 01 94 06 1d 04 94 06 04 04 09 6e
1a 04 b1 0e 02 34 14 06 05 f2 03 94 06 ab 05 74 06 04 04 93 f1
1a 04 b1 0e 02 35 14 06 05 38 05 54 06 94 06 04 04 7b f6
1a 04 b1 0e 02 36 14 06 05 85 04 22 03 8d 06 fd 01 04 04 ad 74
1a 04 b1 0e 02 37 14 06 05 fe 02 cf 02 c3 04 6c 01 04 18 de
1a 04 b1 0e 02 38 14 06 05 6c 01 04 98 03 5f 02 04 eb 3e
1a 04 b1 0e 02 39 14 06 05 be 01 94 06 2b 03 6c 04 04 93 ab
1a 04 b1 0e 02 3a 14 06 05 04 94 06 04 94 06 04 cd b0
1a 04 b1 0e 02 3b 14 06 05 49 04 14 04 48 05 7d 06 04 5c b2
1a 04 b1 0e 02 3d 14 06 05 e8 03 cd 02 6a 06 04 04 ef ba
1a 04 b1 0e 02 3e 14 06 05 6c 01 c5 03 4f 05 89 02 04 d8 29
1a 04 b1 0e 02 3f 14 06 05 74 01 ea 05 04 04 e6 08
1a 04 b1 0e 02 40 14 06 05 04 84 06 3b 03 04 04 0d 7f
1a 04 b1 0e 02 41 14 06 05 60 04 18 04 04 77 06 04 98 eb
1a 04 b1 0e 02 42 14 06 05 e6 02 05 03 28 05 80 06 04 fa 6d
1a 04 b1 0e 02 43 14 06 05 6c 01 04 59 06 8a 04 04 04 94 b3
1a 04 b1 0e 02 44 14 06 05 6c 01 60 05 aa 05 04 04 0b 15
1a 04 b1 0e 02 47 14 06 05 04 0b 04 04 04 04 ed 6e
1a 04 b1 0e 02 49 14 06 05 36 04 0a 04 cf 03 cf 03 04 71 58
1a 04 b1 0e 02 4a 14 06 05 04 64 05 04 95 02 04 83 56
1a 04 b1 0e 02 4b 14 06 05 04 1a 04 04 04 04 04 fd 08
1a 04 b1 0e 02 4c 14 06 05 04 04 04 04 04 83 d2
1a 04 b1 0e 02 4d 14 06 05 04 04 04 04 04 64 2a
1a 04 b1 0e 02 4e 14 06 05 04 04 04 04 04 04 78 6d
1a 04 b1 0e 02 4f 14 06 05 04 04 04 04 04 04 9f 95
1a 04 b1 0e 02 54 14 06 05 04 db 03 04 04 04 f4 73
1a 04 b1 0e 02
1a 04 b1 0e 02 56 14 06 05 4f 04 c5 02 8b 03 04 04 04 de 7f
1a 04 b1 0e 02 57 14 06 05 04 07 04 04 04 04 9d 7a
1a 04 b1 0e 02 58 14 06 05 04 04 04 04 04 a3 df
1a 04 b1 0e 02 59 14 06 05 04 31 05 65 04 04 04 7f ae
1a 04 b1 0e 02 5a 14 06 05 04 6d 02 0e 06 04 04 f5 86
1a 04 b1 0e 02 5d 14 06 05 04 4f 03 93 04 04 04 13 24
1a 04 b1 0e 02 5f 14 06 05 04 13 04 8c 02 04 04 8b 33
1a 04 b1 0e 02 60 14 06 05 04 04 47 02 04 04 5c 21
1a 04 b1 0e 02 61 14 06 05 04 fe 04 6f 02 04 04 44 d4
1a 04 b1 0e 02 62 14 06 05 23 04 2e 02 6c 02 04 04 a5 7e
1a 04 b1 0e 02 63 14 06 05 04 e0 03 54 02 04 04 96 70
1a 04 b1 0e 02 64 14 06 05 04 a2 03 1b 02 04 04 6d 9c
1a 04 b1 0e 02 65 14 06 05 04 d8 03 0a 02 01 04 04 74
1a 04 b1 0e 02 66 14 06 05 04 90 03 a2 04 04 04 04 87 f8
1a 04 b1 0e 02 68 14 06 05 04 04 04 04 04 23 cc
1a 04 b1 0e 02 69 14 06 05 04 04 04 04 04 c4 34
1a 04 b1 0e 02 6a 14 06 05 04 04 04 04 04 fc 35
1a 04 b1 0e 02 6b 14 06 05 04 20 04 04 04 04 91 2f
1a 04 b1 0e 02 6c 14 06 05 04 42 04 04 04 04 ab 51
1a 04 b1 0e 02 6d 14 06 05 04 da 03 04 04 04 04 69 74
1a 04 b1 0e 02 6e 14 06 05 04 04 0d 04 04 04 04 a5 85
1a 04 b1 0e 02 6f 14 06 05 04 04 04 04 04 b4 36
1a 04 b1 0e 02 70 14 06 05 04 04 e9 03 04 04 57 be
1a 04 b1 0e 02 71 14 06 05 04 36 05 53 04 63 04 04 04 a4 f2
1a 04 b1 0e 02 74 14 06 05 a1 04 04 52 04 b5 02 04 e0 72
1a 04 b1 0e 02 75 14 06 05 1b 03 a2 03 6e 03 09 04 04 82 35
1a 04 b1 0e 02 76 14 06 05 6e 01 99 04 bb 03 46 06 04 04 a2 83
1a 04 b1 0e 02 79 14 06 05 3a 05 03 d2 03 e3 02 04 04 81 60
1a 04 b1 0e 02 7a 14 06 05 b5 02 40 03 77 02 22 04 04 20 b9
1a 04 b1 0e 02 7b 14 06 05 6c 01 5b 04 9a 03 94 06 04 4a bf
1a 04 b1 0e 02 7c 14 06 05 4a 03 94 06 6f 04 7f 06 04 04 05 22
1a 04 b1 0e 02 7f 14 06 05 38 05 a5 03 04 79 02 04 59 70
1a 04 b1 0e 02 80 14 06 05 4e 03 99 02 83 02 7e 03 04 46 2f
1a 04 b1 0e 02 81 14 06 05 6c 01 06 04 b0 02 e6 04 04 04 47 15
1a 04 b1 0e 02 82 14 06 05 ce 02 43 05 04 04 04 95 ec
1a 04 b1 0e 02 83 14 06 05 04 04 04 04 04 5b 99
1a 04 b1 0e 02 84 14 06 05 04 04 04 04 04 cc 63
1a 04 b1 0e 02 85 14 06 05 04 04 04 04 04 2b 9b
1a 04 b1 0e 02 86 14 06 05 04 04 04 04 04 13 9a
1a 04 b1 0e 02 87 14 06 05 04 04 04 04 04 f4 62
1a 04 b1 0e 02 8a 14 06 05 04 04 04 04 04 f3 9e
1a 04 b1 0e 02 8b 14 06 05 04 04 04 04 04 14 66
1a 04 b1 0e 02 8c 14 06 05 04 04 04 04 04 83 9c
1a 04 b1 0e 02 8d 14 06 05 04 04 04 04 04 64 64
1a 04 b1 0e 02 8e 14 06 05 04 04 04 04 04 5c 65
1a 04 b1 0e 02 90 14 06 05 67 03 5d 04 04 e3 05 04 04 e1
1a 04 b1 0e 02 91 14 06 05 cb 03 f5 05 25 05 34 05 04 44 c0
1a 04 b1 0e 02 92 14 06 05 26 05 99 05 0a 05 e4 02 04 f1 ac
1a 04 b1 0e 02 95 14 06 05 1a 03 57 03 67 02 42 05 04 04 36 1c
1a 04 b1 0e 02 96 14 06 05 80 01 1a 05 15 04 5d 06 04 ad b9
1a 04 b1 0e 02 97 14 06 05 04 57 06 b7 05 04 04 b4 74
1a 04 b1 0e 02 98 14 06 05 59 05 f9 04 b2 04 33 02 04 04 22 57
1a 04 b1 0e 02 99 14 06 05 13 05 7c 03 5f 03 75 02 04 32 2a
1a 04 b1 0e 02 9a 14 06 05 9b 02 de 03 aa 02 4a 04 04 97
1a 04 b1 0e 02 9b 14 06 05 b4 01 6c 05 04 c6 05 04 04 50 95
1a 04 b1 0e 02 9c 14 06 05 84 03 94 06 38 05 a4 04 04 04 d3 e7
1a 04 b1 0e 02 9d 14 06 05 23 05 e7 05 ab 05 bb 02 04 0f b8
1a 04 b1 0e 02 a0 14 06 05 1a 03 bc 03 d9 02 36 03 04 04 1c 82
1a 04 b1 0e 02 a1 14 06 05 6c 01 22 05 1e 03 33 05 04 4a 4f
1a 04 b1 0e 02 a2 14 06 05 d5 02 94 06 47 04 b9 05 04 c5 90
1a 04 b1 0e 02 a3 14 06 05 20 04 85 06 79 05 04 04 04 07 13
1a 04 b1 0e 02 a4 14 06 05 d9 04 a2 04 e6 04 3b 02 04 04 12 05
1a 04 b1 0e 02 a5 14 06 05 2f 04 61 03 a7 03 23 02 04 51 d5
1a 04 b1 0e 02 a6 14 06 05 3d 02 04 24 02 04 04 04 99 3a
1a 04 b1 0e 02 a7 14 06 05 9d 01 65 05 3e 03 37 05 04 04 9c b1
1a 04 b1 0e 02 ab 14 06 05 ad 04 0c 04 86 05 dc 02 04 04 76 d6
1a 04 b1 0e 02 ac 14 06 05 04 6d 03 08 04 d7 01 04 04 3b 3b
1a 04 b1 0e 02 ad 14 06 05 34 02 04 66 02 40 03 04 41 0c
1a 04 b1 0e 02 ae 14 06 05 ea 01 50 05 af 02 30 04 04 04 6f 8e
1a 04 b1 0e 02 af 14 06 05 62 03 63 06 04 e8 05 04 aa 56
1a 04 b1 0e 02 b0 14 06 05 6a 04 f8 05 25 05 ed 04 04 35 2f
1a 04 b1 0e 02 b1 14 06 05 8b 04 04 6c 05 6a 03 04 f0 17
1a 04 b1 0e 02 b2 14 06 05 04 6c 03 08 04 67 02 04 14 7f
1a 04 b1 0e 02 b5 14 06 05 62 02 c7 05 bf 02 50 04 04 3e b4
1a 04 b1 0e 02 b6 14 06 05 04 f6 05 04 4a 05 04 68 b6
1a 04 b1 0e 02 b7 14 06 05 04 9b 04 04 04 04 33 d0
1a 04 b1 0e 02 b8 14 06 05 04 c2 03 04 04 04 65 44
1a 04 b1 0e 02 b9 14 06 05 04 04 04 04 04 4b 8c
1a 04 b1 0e 02 ba 14 06 05 04 04 04 04 04 73 8d
1a 04 b1 0e 02 bb 14 06 05 04 04 04 04 04 04 b0 33
1a 04 b1 0e 02 bc 14 06 05 04 04 04 19 04 04 f3 7b
1a 04 b1 0e 02 bd 14 06 05 04 04 04 04 04 e4 77
1a 04 b1 0e 02 be 14 06 05 04 04 04 04 04 dc 76
1a 04 b1 0e 02 c0 14 06 05 04 04 04 04 04 6c 5a
1a 04 b1 0e 02 c1 14 06 05 e3 03 04 04 1d 04 04 31 a5
1a 04 b1 0e 02 c2 14 06 05 4e 03 7d 04 ef 04 29 04 04 47 fa
1a 04 b1 0e 02 c3 14 06 05 04 4d 05 a1 05 eb 03 04 04 5b fc
1a 04 b1 0e 02 c4 14 06 05 4a 05 c0 04 3a 04 2b 02 04 8d df
1a 04 b1 0e 02 c5 14 06 05 5e 04 6e 03 66 03 06 03 04 d3 9f
1a 04 b1 0e 02 c6 14 06 05 18 02 04 f1 03 54 05 04 04 35 8c
1a 04 b1 0e 02 c7 14 06 05 c6 01 03 05 aa 04 e8 05 04 d0 65
1a 04 b1 0e 02 c8 14 06 05 04 c2 05 63 05 bf 03 04 a8 6e
1a 04 b1 0e 02 c9 14 06 05 9f 04 1a 04 6b 04 65 02 04 1b 66
1a 04 b1 0e 02 cb 14 06 05 04 04 04 cf 02 04 04 2a a2
1a 04 b1 0e 02 cd 14 06 05 04 04 04 04 04 6b a6
1a 04 b1 0e 02 ce 14 06 05 04 04 04 04 04 04 77 e1
1a 04 b1 0e 02 cf 14 06 05 04 04 04 04 04 b4 5f
1a 04 b1 0e 02 d0 14 06 05 04 04 04 04 04 e3 ac
1a 04 b1 0e 02 d1 14 06 05 04 04 04 04 04 04 20 12
1a 04 b1 0e 02 d2 14 06 05 04 04 04 04 04 04 18 13
1a 04 b1 0e 02 d3 14 06 05 04 04 04 04 04 db ad
1a 04 b1 0e 02 d4 14 06 05 04 04 04 04 04 4c 57
1a 04 b1 0e 02 d7 14 06 05 04 04 04 04 04 74 56
1a 04 b1 0e 02 d9 14 06 05 04 04 04 04 04 04 6f ed
1a 04 b1 0e 02 da 14 06 05 04 04 04 04 04 04 57 ec
1a 04 b1 0e 02 db 14 06 05 04 04 04 04 04 94 52
1a 04 b1 0e 02 dc 14 06 05 04 04 04 04 04 03 a8
1a 04 b1 0e 02 dd 14 06 05 04 04 04 04 04 e4 50
1a 04 b1 0e 02 df 14 06 05 04 04 04 04 04 3b a9
1a 04 b1 0e 02 e2 14 06 05 04 1d 05 58 04 04 04 8d ca
1a 04 b1 0e 02 e4 14 06 05 95 05 04 83 05 b2 02 04 8b a2
1a 04 b1 0e 02 e6 14 06 05 34 04 4c 03 83 04 04 33 9b
1a 04 b1 0e 02 e7 14 06 05 b1 03 d3 05 04 61 06 04 da 24
1a 04 b1 0e 02 e8 14 06 05 c0 04 94 05 f6 04 eb 05 04 c4 aa
1a 04 b1 0e 02 e9 14 06 05 3f 04 ea 03 7b 05 04 04 04 e1 8c
1a 04 b1 0e 02 ea 14 06 05 a7 02 04 35 04
1a 04 b1 0e 02 ed 14 06 05 6d 04 47 06 04 25 06 04 3f 05
1a 04 b1 0e 02 ef 14 06 05 9b 03 f8 03 7d 05 04 04 e3 51
1a 04 b1 0e 02 f0 14 06 05 09 02 97 04 43 04 56 03 04 eb 23
1a 04 b1 0e 02 f1 14 06 05 04 23 06 04 04 04 04 58 b3
1a 04 b1 0e 02 f2 14 06 05 83 04 04 4a 04 46 06 04 a8 ed
1a 04 b1 0e 02 f3 14 06 05 e8 02 04 c3 05 6a 05 04 d7 4e
1a 04 b1 0e 02 f5 14 06 05 0b 04 d9 05 04 15 03 04 c7 db
1a 04 b1 0e 02 f8 14 06 05 3d 03 ea 03 04 2d 06 04 49 ce
1a 04 b1 0e 02 fa 14 06 05 fd 03 28 06 ac 05 2d 03 04 1b 1c
1a 04 b1 0e 02 fb 14 06 05 c2 04 86 04 04 01 03 04 5a fd
1a 04 b1 0e 02 fc 14 06 05 04 04 b9 03 7c 03 04 04 6c d5
1a 04 b1 0e 02 fd 14 06 05 04 04 04 04 04 eb b5
1a 04 b1 0e 02 fe 14 06 05 04 04 04 04 04 d3 b4
1a 04 b1 0e 02 06 05 04 04 04 04 04 04 10 0a
1a 04 b1 0e 02 15 06 05 04 04 04 04 04 04 47 42
1a 04 b1 0e 02 02 15 06 05 04 04 04 04 04 bc fd
1a 04 b1 0e 02 03 15 06 05 04 04 04 04 04 5b 05
1a 04 b1 0e 02 04 15 06 05 04 04 04 04 04 04 e8 b9
1a 04 b1 0e 02 05 15 06 05 04 04 04 04 04 2b 07
1a 04 b1 0e 02 06 15 06 05 04 04 04 04 04 13 06
1a 04 b1 0e 02 07 15 06 05 cc 03 04 04 48 04 04 04 8d bd
1a 04 b1 0e 02 08 15 06 05 31 03 f1 04 13 05 78 05 04 04 aa 2f
1a 04 b1 0e 02 0a 15 06 05 0a 05 04 04 56 03 04 04 63 d1
1a 04 b1 0e 02 0d 15 06 05 32 02 d5 04 04 7c 06 04 9c 96
1a 04 b1 0e 02 0f 15 06 05 3d 05 3f 04 4d 04 13 03 04 04 8f 76
1a 04 b1 0e 02 15 06 05 e6 02 a0 05 04 20 06 04 18 37
1a 04 b1 0e 02 12 15 06 05 2e 04 a6 05 6f 05 04 04 04 3d 67
1a 04 b1 0e 02 13 15 06 05 b0 04 fe 03 04 0b 03 04 04 88 b7
1a 04 b1 0e 02 14 15 06 05 fe 02 04 56 03 80 04 04 70 d3
1a 04 b1 0e 02 15 15 06 05 3f 02 60 05 04 94 06 04 04 4a 3d
1a 04 b1 0e 02 16 15 06 05 0a 04 77 05 26 05 d1 03 04 04 ce e7
1a 04 b1 0e 02 18 15 06 05 8e 04 04 04 31 03 04 04 ed e8
1a 04 b1 0e 02 1a 15 06 05 99 02 94 06 4d 04 94 06 04 04 22 5b
1a 04 b1 0e 02 1c 15 06 05 40 04 04 0a 04 36 03 04 3b e3
1a 04 b1 0e 02 1d 15 06 05 aa 02 04 87 03 07 04 04 35 2a
1a 04 b1 0e 02 1e 15 06 05 7b 01 6f 05 04 94 06 04 5e 6b
1a 04 b1 0e 02 1f 15 06 05 90 03 6d 06 3b 05 04 04 ae 09
1a 04 b1 0e 02 20 15 06 05 72 04 36 04 04 29 03 04 c4 3e
1a 04 b1 0e 02 23 15 06 05 28 02 f2 05 76 04 79 06 04 77 26
1a 04 b1 0e 02 24 15 06 05 04 2c 06 c3 04 9d 03 04 01 b7
1a 04 b1 0e 02 25 15 06 05 04 32 04 04 bd 03 04 b8
1a 04 b1 0e 02 27 15 06 05 04 04 04 04 04 fb 1b
1a 04 b1 0e 02 28 15 06 05 04 04 04 04 04 23 1e
1a 04 b1 0e 02 29 15 06 05 04 04 04 04 04 c4 e6
1a 04 b1 0e 02 2a 15 06 05 04 04 04 04 04 04 d8 a1
1a 04 b1 0e 02 2b 15 06 05 04 04 04 04 04 1b 1f
1a 04 b1 0e 02 2c 15 06 05 04 04 04 04 04 8c e5
1a 04 b1 0e 02 2e 15 06 05 04 04 04 04 04 53 1c
1a 04 b1 0e 02 2f 15 06 05 04 04 2d 04 04 04 04 7b 58
1a 04 b1 0e 02 30 15 06 05 04 04 04 04 04 e3 17
1a 04 b1 0e 02 31 15 06 05 04 04 04 04 04 04 ef
1a 04 b1 0e 02 32 15 06 05 04 04 04 04 04 04 18 a8
1a 04 b1 0e 02 33 15 06 05 04 04 04 04 04 db 16
1a 04 b1 0e 02 34 15 06 05 04 04 04 04 04 20 7f cf
1a 04 b1 0e 02 35 15 06 05 04 04 04 04 04 20 04 bc 71
1a 04 b1 0e 02 36 15 06 05 04 04 04 04 04 20 04 84 70
1a 04 b1 0e 02 37 15 06 05 04 04 04 04 04 20 47 ce
1a 04 b1 0e 02 39 15 06 05 04 04 04 04 04 20 04 5c 75
1a 04 b1 0e 02 3a 15 06 05 04 04 04 04 04 20 04 64 74
1a 04 b1 0e 02 3c 15 06 05 04 04 04 04 04 20 30 30
1a 04 b1 0e 02 3e 15 06 05 04 04 04 04 04 04 f8 ac
1a 04 b1 0e 02 3f 15 06 05 04 04 04 04 04 3b 12
1a 04 b1 0e 02 40 15 06 05 04 04 04 04 04 20 04 7b a3
1a 04 b1 0e 02 41 15 06 05 04 04 04 04 04 20 04 9c 5b
1a 04 b1 0e 02 42 15 06 05 04 04 04 04 04 b3 3f
1a 04 b1 0e 02 45 15 06 05 04 04 04 04 04 04 83
1a 04 b1 0e 02 47 15 06 05 04 04 04 04 04 20 c8 1f
1a 04 b1 0e 02 49 15 06 05 04 04 04 04 04 c4 c1
1a 04 b1 0e 02 4a 15 06 05 04 04 04 04 04 fc c0
1a 04 b1 0e 02 4b 15 06 05 04 04 04 04 04 20 28 1b
1a 04 b1 0e 02 4d 15 06 05 04 04 04 04 04 6b 3a
1a 04 b1 0e 02 50 15 06 05 04 04 04 04 04 20 d0 13
1a 04 b1 0e 02 51 15 06 05 04 04 04 04 04 04 c8
1a 04 b1 0e 02 52 15 06 05 04 04 04 04 04 3c c9
1a 04 b1 0e 02 54 15 06 05 04 04 04 04 04 4c cb
1a 04 b1 0e 02
1a 04 b1 0e 02 56 15 06 05 04 04 04 04 04 20 a0
1a 04 b1 0e 02 57 15 06 05 04 04 04 04 04 20 47 e9
1a 04 b1 0e 02 58 15 06 05 04 04 04 04 04 ac cf
1a 04 b1 0e 02 5b 15 06 05 04 04 04 04 04 20 a7 ed
1a 04 b1 0e 02 5c 15 06 05 04 04 04 04 04 03 34
1a 04 b1 0e 02 5d 15 06 05 04 04 04 04 04 04 c0 8a
1a 04 b1 0e 02 5f 15 06 05 04 04 04 04 04 20 08 16
1a 04 b1 0e 02 60 15 06 05 04 04 04 04 04 63 23
1a 04 b1 0e 02 61 15 06 05 04 04 04 04 04 84 db
1a 04 b1 0e 02 62 15 06 05 04 04 04 04 04 20 8f f9
1a 04 b1 0e 02 63 15 06 05 04 04 04 04 04 20 04 4c 47
1a 04 b1 0e 02 65 15 06 05 04 04 04 04 04 04 0f 66
1a 04 b1 0e 02 66 15 06 05 04 04 04 04 04 13 21
1a 04 b1 0e 02 67 15 06 05 04 04 04 04 04 20 c7 fa
1a 04 b1 0e 02 68 15 06 05 04 04 04 04 04 20 04 3b b9
1a 04 b1 0e 02 69 15 06 05 04 04 04 04 04 cb 24
1a 04 b1 0e 02 6a 15 06 05 04 04 04 04 04 10 01 eb a1
1a 04 b1 0e 02 6b 15 06 05 04 04 04 04 04 10 04 a1 0e
1a 04 b1 0e 02 6d 15 06 05 04 04 04 04 04 20 57 fc
1a 04 b1 0e 02 6e 15 06 05 04 04 04 04 04 20 04 4b bb
1a 04 b1 0e 02 70 15 06 05 04 04 04 04 04 04 c8 93
1a 04 b1 0e 02 72 15 06 05 04 04 04 04 04 10 01 2b a8
1a 04 b1 0e 02 73 15 06 05 04 04 04 04 04 20 e7 f7
1a 04 b1 0e 02 74 15 06 05 04 04 04 04 04 20 04 54 4b
1a 04 b1 0e 02 76 15 06 05 04 04 04 04 04 10 01 84 53
1a 04 b1 0e 02 78 15 06 05 04 04 04 04 04 20 90 09
1a 04 b1 0e 02 7b 15 06 05 04 04 04 04 04 10 01 83 af
1a 04 b1 0e 02 7c 15 06 05 04 04 04 04 04 10 01 14
1a 04 b1 0e 02 7d 15 06 05 04 04 04 04 04 20 d8 0a
1a 04 b1 0e 02 7e 15 06 05 04 04 04 04 04 d3 28
1a 04 b1 0e 02 7f 15 06 05 04 04 04 04 04 10 01 2c 54
1a 04 b1 0e 02 81 15 06 05 04 04 04 04 04 20 b8 53
1a 04 b1 0e 02 82 15 06 05 04 04 04 04 04 20 80 52
1a 04 b1 0e 02 83 15 06 05 04 04 04 04 04 04 70 cf
1a 04 b1 0e 02 84 15 06 05 04 04 04 04 04 10 01 db f7
1a 04 b1 0e 02 86 15 06 05 04 04 04 04 04 10 01 04 0e
1a 04 b1 0e 02 87 15 06 05 04 04 04 04 04 fb 72
1a 04 b1 0e 02 88 15 06 05 04 04 04 04 04 20 10 54
1a 04 b1 0e 02 89 15 06 05 04 04 04 04 04 20 f7 ac
1a 04 b1 0e 02 8a 15 06 05 04 04 04 04 04 10 6d 1b
1a 04 b1 0e 02 8c 15 06 05 04 04 04 04 04 10 01 94 08
1a 04 b1 0e 02 8d 15 06 05 04 04 04 04 04 20 58 57
1a 04 b1 0e 02 8e 15 06 05 04 04 04 04 04 20 04 44 10
1a 04 b1 0e 02 8f 15 06 05 04 04 04 04 04 20 87 ae
1a 04 b1 0e 02 91 15 06 05 04 04 04 04 04 04 86
1a 04 b1 0e 02 92 15 06 05 04 04 04 04 04 04 18 c1
1a 04 b1 0e 02 93 15 06 05 04 04 04 04 04 04
1a 04 b1 0e 02 94 15 06 05 04 04 04 04 04 4c 85
1a 04 b1 0e 02 95 15 06 05 04 04 04 04 04 ab 7d
1a 04 b1 0e 02 96 15 06 05 04 04 04 04 04 04 b7 3a
1a 04 b1 0e 02 97 15 06 05 04 04 04 04 04 74 84
1a 04 b1 0e 02 98 15 06 05 04 04 04 04 04 04 88 c7
1a 04 b1 0e 02 99 15 06 05 04 04 04 04 04 04 6f 3f
1a 04 b1 0e 02 9a 15 06 05 04 04 04 04 04 04 57 3e
1a 04 b1 0e 02 9c 15 06 05 04 04 04 04 04 03 7a
1a 04 b1 0e 02 9d 15 06 05 04 ae 03 04 04 04 04 79 39
1a 04 b1 0e 02 9e 15 06 05 04 04 04 04 04 04 f8 c5
1a 04 b1 0e 02 9f 15 06 05 04 04 fb 03 04 04 e1 64
1a 04 b1 0e 02 a0 15 06 05 04 2e 04 04 0c 04 04 04 8a 31
1a 04 b1 0e 02 a1 15 06 05 04 04 04 04 04 84 95
1a 04 b1 0e 02 a3 15 06 05 bc 03 f9 03 a9 03 04 04 05 80
1a 04 b1 0e 02 a7 15 06 05 d1 04 db 04 14 05 2c 03 04 3e 8e
1a 04 b1 0e 02 a8 15 06 05 4f 04 b5 03 04 6b 03 04 65 c4
1a 04 b1 0e 02 aa 15 06 05 6c 01 42 05 04 36 06 04 2c ca
1a 04 b1 0e 02 ab 15 06 05 04 77 06 69 05 a3 04 04 54 da
1a 04 b1 0e 02 ac 15 06 05 df 04 b2 04 9d 05 95 02 04 de 65
1a 04 b1 0e 02 ae 15 06 05 c7 01 04 0a 03 21 04 04 a7 29
1a 04 b1 0e 02 af 15 06 05 03 02 24 06 04 1f 06 04 7b 21
1a 04 b1 0e 02 b0 15 06 05 54 04 94 06 f9 04 df 05 04 bf a0
1a 04 b1 0e 02 b3 15 06 05 04 38 03 ab 04 42 02 04 20 03
1a 04 b1 0e 02 b6 15 06 05 79 04 53 06 04 74 06 04 a9 51
1a 04 b1 0e 02 b7 15 06 05 8c 04 ec 03 e0 05 aa 04 04 60 5f
1a 04 b1 0e 02 b9 15 06 05 19 03 cd 05 04 8c 02 04 04 c7 c1
1a 04 b1 0e 02 bb 15 06 05 d9 04 d4 03 04 65 06 04 04 d2 1c
1a 04 b1 0e 02 be 15 06 05 99 01 94 05 78 06 b3 03 04 e8 bd
1a 04 b1 0e 02 bf 15 06 05 04 04 19 05 04 04 28 d2
1a 04 b1 0e 02 c0 15 06 05 04 04 fb 03 04 04 04 9d 13
1a 04 b1 0e 02 c2 15 06 05 04 04 04 04 04 bc b3
1a 04 b1 0e 02 c4 15 06 05 04 04 04 04 04 cc b1
1a 04 b1 0e 02 c5 15 06 05 04 04 04 04 04 2b 49
1a 04 b1 0e 02 c6 15 06 05 04 04 04 04 04 13 48
1a 04 b1 0e 02 c8 15 06 05 04 04 04 04 04 2c b5
1a 04 b1 0e 02 c9 15 06 05 04 04 04 04 04 cb 4d
1a 04 b1 0e 02 ca 15 06 05 04 04 04 04 04 f3 4c
1a 04 b1 0e 02 cb 15 06 05 04 04 04 04 04 14 b4
1a 04 b1 0e 02 cc 15 06 05 04 04 04 04 04 83 4e
1a 04 b1 0e 02 cd 15 06 05 04 04 04 04 04 64 b6
1a 04 b1 0e 02 ce 15 06 05 04 04 04 04 04 5c b7
1a 04 b1 0e 02 cf 15 06 05 04 04 04 04 04 bb 4f
1a 04 b1 0e 02 d0 15 06 05 04 04 04 04 04 04 c8 fa
1a 04 b1 0e 02 d3 15 06 05 04 04 04 04 04 d4 bd
1a 04 b1 0e 02 d5 15 06 05 04 04 04 04 04 a4 bf
1a 04 b1 0e 02 d6 15 06 05 04 04 04 04 04 9c be
1a 04 b1 0e 02 d7 15 06 05 04 04 04 04 04 7b 46
1a 04 b1 0e 02 d8 15 06 05 04 04 04 04 04 04 87 05
1a 04 b1 0e 02 d9 15 06 05 04 04 04 04 04 44 bb
1a 04 b1 0e 02 db 15 06 05 04 04 04 04 04 01 12 53
1a 04 b1 0e 02 dc 15 06 05 04 04 04 04 04 0c b8
1a 04 b1 0e 02 de 15 06 05 04 04 04 04 04 d3 41
1a 04 b1 0e 02 df 15 06 05 04 04 04 04 04 04 10
1a 04 b1 0e 02 e1 15 06 05 04 04 04 04 04 8b 57
1a 04 b1 0e 02 e2 15 06 05 04 04 04 04 04 b3 56
1a 04 b1 0e 02 e3 15 06 05 04 04 04 04 04 54 ae
1a 04 b1 0e 02 e4 15 06 05 04 04 04 04 04 c3 54
1a 04 b1 0e 02 e6 15 06 05 04 04 04 04 04 04 38 eb
1a 04 b1 0e 02 e9 15 06 05 04 04 04 04 6c 01 10 10
1a 04 b1 0e 02 ea 15 06 05 04 04 04 04 04 04 d8 ef
1a 04 b1 0e 02 eb 15 06 05 04 04 04 04 04 1b 51
1a 04 b1 0e 02 ec 15 06 05 04 04 04 04 04 8c ab
1a 04 b1 0e 02 ed 15 06 05 04 04 04 04 04 6b 53
1a 04 b1 0e 02 ee 15 06 05 04 04 04 04 04 53 52
1a 04 b1 0e 02 ef 15 06 05 04 04 04 04 04 b4 aa
1a 04 b1 0e 02 f1 15 06 05 04 04 04 04 04 04 a1
1a 04 b1 0e 02 f2 15 06 05 04 04 04 04 04 3c a0
1a 04 b1 0e 02 f4 15 06 05 04 04 04 04 04 4c a2
1a 04 b1 0e 02 f5 15 06 05 04 04 04 04 04 ab 5a
1a 04 b1 0e 02 f6 15 06 05 b4 03 cd 03 04 16 04 04 ec 27
1a 04 b1 0e 02 f7 15 06 05 44 03 ce 03 04 04 04 3f 86
1a 04 b1 0e 02 f8 15 06 05 f9 02 04 04 04 04 27 c3
1a 04 b1 0e 02 f9 15 06 05 e0 04 8b 03 04 8a 02 04 5f 2d
1a 04 b1 0e 02 fa 15 06 05 26 03 84 03 cf 02 0d 04 04 7c fa
1a 04 b1 0e 02 fb 15 06 05 2b 02 04 04 b7 04 04 29 a1
1a 04 b1 0e 02 fc 15 06 05 d8 04 b3 03 0a 05 fc 02 04 64 ef
1a 04 b1 0e 02 06 05 19 03 c1 04 49 02 dc 04 04 94 2a
1a 04 b1 0e 02 16 06 05 d0 04 08 03 78 04 6b 04 04 0d f0
1a 04 b1 0e 02 01 16 06 05 c9 03 35 03 a5 04 57 02 04 1e 73
1a 04 b1 0e 02 02 16 06 05 72 03 b5 04 62 02 04 04 4f
1a 04 b1 0e 02 03 16 06 05 04 8b 03 be 02 04 04 a3 2b
1a 04 b1 0e 02 04 16 06 05 04 04 04 04 04 dd cf
1a 04 b1 0e 02 05 16 06 05 04 04 04 04 04 3a 37
1a 04 b1 0e 02 06 16 06 05 04 04 80 02 04 04 04 40 a9
1a 04 b1 0e 02 08 16 06 05 04 04 6c 01 bd 03 04 e0 6f
1a 04 b1 0e 02 0c 16 06 05 04 04 6c 01 04 04 86 f6
1a 04 b1 0e 02 0d 16 06 05 04 04 6c 01 04 04 61 0e
1a 04 b1 0e 02 0e 16 06 05 04 04 e4 02 04 04 04 b0 78
1a 04 b1 0e 02 10 16 06 05 04 04 c4 01 0c 04 04 04 73 bf
1a 04 b1 0e 02 16 06 05 04 04 6c 01 89 03 04 04 df 61
1a 04 b1 0e 02 13 16 06 05 04 04 6c 01 7a 04 04 ca fd
1a 04 b1 0e 02 16 16 06 05 04 04 df 03 04 04 04 af 51
1a 04 b1 0e 02 18 16 06 05 04 04 8b 01 21 04 04 04 bb 7d
1a 04 b1 0e 02 19 16 06 05 04 04 6c 01 04 04 04 65 45
1a 04 b1 0e 02 1a 16 06 05 04 04 6c 01 13 04 04 de 1f
1a 04 b1 0e 02 1b 16 06 05 04 04 54 02 04 04 29 07
1a 04 b1 0e 02 1c 16 06 05 04 04 f7 02 04 04 57 18
1a 04 b1 0e 02 1e 16 06 05 04 04 04 04 04 c2 3f
1a 04 b1 0e 02 21 16 06 05 04 0a 04 04 04 04 12 3e
1a 04 b1 0e 02 22 16 06 05 04 04 04 04 04 a2 28
1a 04 b1 0e 02 23 16 06 05 04 04 04 04 04 45 d0
1a 04 b1 0e 02 24 16 06 05 04 04 04 04 04 d2 2a
1a 04 b1 0e 02 25 16 06 05 04 04 04 04 04 04 94
1a 04 b1 0e 02 26 16 06 05 04 04 04 04 04 0d d3
